================== ./filtro ==================
/ Files presenti \
filtro.go
filtro_test.go
\                /
=== RUN   TestInput
### Questo test verifica output atteso!
Output ATTESO:
--++===

Output OTTENUTO:
--++===

### Questo test verifica output atteso!
Output ATTESO:
+-+++=-

Output OTTENUTO:
+-+++=-

### Questo test verifica output atteso!
Output ATTESO:
+++++=----

Output OTTENUTO:
+++++=----

--- PASS: TestInput (0.00s)
PASS
ok  	_/home/atrentini/Dropbox/ProgLabTemi/Appelli2019/Esame-03lug2019/Tema/filtro	0.007s
================== ./frazioni ==================
/ Files presenti \
frazioni.go
frazioni_test.go
\                /
=== RUN   TestMainMultiplo
----main-------------------------------
Output:
1 / 12

Expected output:
1 / 12

----main-------------------------------
Output:
1 / 1000

Expected output:
1 / 1000

----main-------------------------------
Output:
3 / 4

Expected output:
3 / 4

----main-------------------------------
Output:
divisore nullo

Expected output:
divisore nullo

----main-------------------------------
Output:
313 / 147

Expected output:
313 / 147

----main-------------------------------
Output:
1 / 1

Expected output:
1 / 1

--- PASS: TestMainMultiplo (0.01s)
=== RUN   TestNumParSbagliato
-----main par sbagliati------------------------------
Output:
numero di parametri non valido

Expected output:
numero di parametri non valido

--- PASS: TestNumParSbagliato (0.00s)
=== RUN   TestNewFrac
-----new frac------------------------------
5 2
--- PASS: TestNewFrac (0.00s)
=== RUN   TestSum
-----sum------------------------------
--- PASS: TestSum (0.00s)
PASS
ok  	_/home/atrentini/Dropbox/ProgLabTemi/Appelli2019/Esame-03lug2019/Tema/frazioni	0.013s
================== ./parole ==================
/ Files presenti \
parole.go
parole_test.go
\                /
=== RUN   TestInput
### Questo test verifica output atteso!
Output ATTESO:
[sakdjhas ouo pippo pippo pooiu ouoii trtrtrt ytyty]
8

Output OTTENUTO:
[sakdjhas ouo pippo pippo pooiu ouoii trtrtrt ytyty]
8

### Questo test verifica output atteso!
Output ATTESO:
[WqeiQwuewq wqeuqwe uiUiU xnbcxnbcx PPP]
5

Output OTTENUTO:
[WqeiQwuewq wqeuqwe uiUiU xnbcxnbcx PPP]
5

--- PASS: TestInput (0.00s)
PASS
ok  	_/home/atrentini/Dropbox/ProgLabTemi/Appelli2019/Esame-03lug2019/Tema/parole	0.004s
================== ./statistiche ==================
/ Files presenti \
statistiche.go
statistiche_test.go
\                /
=== RUN   TestInput
### Questo test verifica output atteso!
Output ATTESO:
moda: 1
mediana: 3

Output OTTENUTO:
moda: 1
mediana: 3

### Questo test verifica output atteso!
Output ATTESO:
moda: 1
mediana: 2.5

Output OTTENUTO:
moda: 1
mediana: 2.5

### Questo test verifica output atteso!
Output ATTESO:
moda: 2.7
mediana: 3.4

Output OTTENUTO:
moda: 2.7
mediana: 3.4

--- PASS: TestInput (0.00s)
=== RUN   TestModa
-----moda------------------------------
--- PASS: TestModa (0.00s)
=== RUN   TestMediana
-----mediana------------------------------
--- PASS: TestMediana (0.00s)
PASS
ok  	_/home/atrentini/Dropbox/ProgLabTemi/Appelli2019/Esame-03lug2019/Tema/statistiche	0.005s
