=== RUN   TestInput
### Questo test verifica output atteso!
Output ATTESO:
moda: 1
mediana: 3

Output OTTENUTO:
moda: 1
mediana: 3

### Questo test verifica output atteso!
Output ATTESO:
moda: 1
mediana: 2.5

Output OTTENUTO:
moda: 1
mediana: 2.5

### Questo test verifica output atteso!
Output ATTESO:
moda: 2.7
mediana: 3.4

Output OTTENUTO:
moda: 2.7
mediana: 3.4

--- PASS: TestInput (0.00s)
=== RUN   TestModa
-----moda------------------------------
--- PASS: TestModa (0.00s)
=== RUN   TestMediana
-----mediana------------------------------
--- PASS: TestMediana (0.00s)
PASS
ok  	_/home/atrentini/Dropbox/ProgLabTemi/Appelli2019/Esame-03lug2019/Tema/statistiche	0.005s
