=== RUN   TestMainMultiplo
----main-------------------------------
Output:
1 / 12

Expected output:
1 / 12

----main-------------------------------
Output:
1 / 1000

Expected output:
1 / 1000

----main-------------------------------
Output:
3 / 4

Expected output:
3 / 4

----main-------------------------------
Output:
divisore nullo

Expected output:
divisore nullo

----main-------------------------------
Output:
313 / 147

Expected output:
313 / 147

----main-------------------------------
Output:
1 / 1

Expected output:
1 / 1

--- PASS: TestMainMultiplo (0.01s)
=== RUN   TestNumParSbagliato
-----main par sbagliati------------------------------
Output:
numero di parametri non valido

Expected output:
numero di parametri non valido

--- PASS: TestNumParSbagliato (0.00s)
=== RUN   TestNewFrac
-----new frac------------------------------
5 2
--- PASS: TestNewFrac (0.00s)
=== RUN   TestSum
-----sum------------------------------
--- PASS: TestSum (0.00s)
PASS
ok  	_/home/atrentini/Dropbox/ProgLabTemi/Appelli2019/Esame-03lug2019/Tema/frazioni	0.013s
